2016-06-03 8:56:06 - PHP Notice:  Undefined variable: helper in C:\xampp\htdocs\seed-plant\upload\catalog\view\theme\pav_flower\template\common\footer.tpl on line 101
2016-06-03 8:56:12 - PHP Notice:  Undefined variable: defaultFooter in C:\xampp\htdocs\seed-plant\upload\catalog\view\theme\pav_flower\template\common\footer.tpl on line 12
2016-06-03 8:56:12 - PHP Notice:  Undefined variable: helper in C:\xampp\htdocs\seed-plant\upload\catalog\view\theme\pav_flower\template\common\footer.tpl on line 101
2016-06-03 9:34:58 - PHP Notice:  Uninitialized string offset: 2 in C:\xampp\htdocs\seed-plant\upload\catalog\view\theme\pav_flower\template\information\contact.tpl on line 77
2016-06-03 10:58:14 - PHP Notice:  Uninitialized string offset: 2 in C:\xampp\htdocs\seed-plant\upload\catalog\view\theme\pav_flower\template\information\contact.tpl on line 77
2016-06-03 12:29:46 - PHP Notice:  Uninitialized string offset: 2 in C:\xampp\htdocs\seed-plant\upload\catalog\view\theme\pav_flower\template\information\contact.tpl on line 77
2016-06-03 12:39:21 - PHP Notice:  Uninitialized string offset: 2 in C:\xampp\htdocs\seed-plant\upload\catalog\view\theme\pav_flower\template\information\contact.tpl on line 77
2016-06-03 12:53:19 - PHP Notice:  Undefined variable: objlang in C:\xampp\htdocs\seed-plant\upload\catalog\view\theme\pav_flower\template\common\search.tpl on line 2
2016-06-03 12:53:19 - PHP Notice:  Undefined variable: objlang in C:\xampp\htdocs\seed-plant\upload\catalog\view\theme\pav_flower\template\common\search.tpl on line 2
2016-06-03 12:53:20 - PHP Notice:  Undefined variable: objlang in C:\xampp\htdocs\seed-plant\upload\catalog\view\theme\pav_flower\template\common\search.tpl on line 2
2016-06-03 18:16:57 - PHP Notice:  Uninitialized string offset: 2 in C:\xampp\htdocs\seed-plant\upload\catalog\view\theme\pav_flower\template\information\contact.tpl on line 77
2016-06-03 18:35:00 - PHP Notice:  Uninitialized string offset: 2 in C:\xampp\htdocs\seed-plant\upload\catalog\view\theme\pav_flower\template\information\contact.tpl on line 77
2016-06-03 19:50:56 - PHP Notice:  Undefined index: approval in C:\xampp\htdocs\seed-plant\upload\catalog\model\account\customer.php on line 14
2016-06-03 19:50:56 - PHP Notice:  Undefined index: approval in C:\xampp\htdocs\seed-plant\upload\catalog\model\account\customer.php on line 30
2016-06-03 20:02:20 - PHP Notice:  Undefined variable: filter_data in C:\xampp\htdocs\seed-plant\upload\catalog\controller\module\category.php on line 45
2016-06-03 20:02:20 - PHP Notice:  Undefined variable: filter_data in C:\xampp\htdocs\seed-plant\upload\catalog\controller\module\category.php on line 45
2016-06-03 20:02:20 - PHP Notice:  Undefined variable: filter_data in C:\xampp\htdocs\seed-plant\upload\catalog\controller\module\category.php on line 45
2016-06-03 20:02:20 - PHP Notice:  Undefined variable: filter_data in C:\xampp\htdocs\seed-plant\upload\catalog\controller\module\category.php on line 45
2016-06-03 20:02:20 - PHP Notice:  Undefined variable: filter_data in C:\xampp\htdocs\seed-plant\upload\catalog\controller\module\category.php on line 45
2016-06-03 20:02:20 - PHP Notice:  Undefined variable: filter_data in C:\xampp\htdocs\seed-plant\upload\catalog\controller\module\category.php on line 45
2016-06-03 20:02:37 - PHP Notice:  Undefined variable: filter_data in C:\xampp\htdocs\seed-plant\upload\catalog\controller\module\category.php on line 45
2016-06-03 20:02:37 - PHP Notice:  Undefined variable: filter_data in C:\xampp\htdocs\seed-plant\upload\catalog\controller\module\category.php on line 45
2016-06-03 20:02:37 - PHP Notice:  Undefined variable: filter_data in C:\xampp\htdocs\seed-plant\upload\catalog\controller\module\category.php on line 45
2016-06-03 20:02:37 - PHP Notice:  Undefined variable: filter_data in C:\xampp\htdocs\seed-plant\upload\catalog\controller\module\category.php on line 45
2016-06-03 20:02:37 - PHP Notice:  Undefined variable: filter_data in C:\xampp\htdocs\seed-plant\upload\catalog\controller\module\category.php on line 45
2016-06-03 20:02:37 - PHP Notice:  Undefined variable: filter_data in C:\xampp\htdocs\seed-plant\upload\catalog\controller\module\category.php on line 45
2016-06-03 20:02:38 - PHP Notice:  Undefined variable: filter_data in C:\xampp\htdocs\seed-plant\upload\catalog\controller\module\category.php on line 45
2016-06-03 20:02:38 - PHP Notice:  Undefined variable: filter_data in C:\xampp\htdocs\seed-plant\upload\catalog\controller\module\category.php on line 45
2016-06-03 20:02:38 - PHP Notice:  Undefined variable: filter_data in C:\xampp\htdocs\seed-plant\upload\catalog\controller\module\category.php on line 45
2016-06-03 20:02:38 - PHP Notice:  Undefined variable: filter_data in C:\xampp\htdocs\seed-plant\upload\catalog\controller\module\category.php on line 45
2016-06-03 20:02:38 - PHP Notice:  Undefined variable: filter_data in C:\xampp\htdocs\seed-plant\upload\catalog\controller\module\category.php on line 45
2016-06-03 20:02:38 - PHP Notice:  Undefined variable: filter_data in C:\xampp\htdocs\seed-plant\upload\catalog\controller\module\category.php on line 45
2016-06-03 20:02:46 - PHP Notice:  Undefined variable: filter_data in C:\xampp\htdocs\seed-plant\upload\catalog\controller\module\category.php on line 45
2016-06-03 20:02:46 - PHP Notice:  Undefined variable: filter_data in C:\xampp\htdocs\seed-plant\upload\catalog\controller\module\category.php on line 45
2016-06-03 20:02:46 - PHP Notice:  Undefined variable: filter_data in C:\xampp\htdocs\seed-plant\upload\catalog\controller\module\category.php on line 45
2016-06-03 20:02:46 - PHP Notice:  Undefined variable: filter_data in C:\xampp\htdocs\seed-plant\upload\catalog\controller\module\category.php on line 45
2016-06-03 20:02:46 - PHP Notice:  Undefined variable: filter_data in C:\xampp\htdocs\seed-plant\upload\catalog\controller\module\category.php on line 45
2016-06-03 20:02:46 - PHP Notice:  Undefined variable: filter_data in C:\xampp\htdocs\seed-plant\upload\catalog\controller\module\category.php on line 45
2016-06-03 20:02:54 - PHP Notice:  Undefined variable: filter_data in C:\xampp\htdocs\seed-plant\upload\catalog\controller\module\category.php on line 45
2016-06-03 20:02:54 - PHP Notice:  Undefined variable: filter_data in C:\xampp\htdocs\seed-plant\upload\catalog\controller\module\category.php on line 45
2016-06-03 20:02:54 - PHP Notice:  Undefined variable: filter_data in C:\xampp\htdocs\seed-plant\upload\catalog\controller\module\category.php on line 45
2016-06-03 20:02:54 - PHP Notice:  Undefined variable: filter_data in C:\xampp\htdocs\seed-plant\upload\catalog\controller\module\category.php on line 45
2016-06-03 20:02:54 - PHP Notice:  Undefined variable: filter_data in C:\xampp\htdocs\seed-plant\upload\catalog\controller\module\category.php on line 45
2016-06-03 20:02:54 - PHP Notice:  Undefined variable: filter_data in C:\xampp\htdocs\seed-plant\upload\catalog\controller\module\category.php on line 45
2016-06-05 11:38:19 - PHP Notice:  Undefined variable: download in C:\xampp\htdocs\seed-plant\upload\catalog\view\theme\pav_flower\template\module\account.tpl on line 15
2016-06-05 11:38:19 - PHP Notice:  Undefined variable: return in C:\xampp\htdocs\seed-plant\upload\catalog\view\theme\pav_flower\template\module\account.tpl on line 15
2016-06-05 11:38:19 - PHP Notice:  Undefined variable: transaction in C:\xampp\htdocs\seed-plant\upload\catalog\view\theme\pav_flower\template\module\account.tpl on line 15
2016-06-05 11:38:19 - PHP Notice:  Undefined variable: recurring in C:\xampp\htdocs\seed-plant\upload\catalog\view\theme\pav_flower\template\module\account.tpl on line 15
2016-06-05 11:38:19 - PHP Notice:  Undefined variable: download in C:\xampp\htdocs\seed-plant\upload\catalog\view\theme\pav_flower\template\module\account.tpl on line 15
2016-06-05 11:38:19 - PHP Notice:  Undefined variable: return in C:\xampp\htdocs\seed-plant\upload\catalog\view\theme\pav_flower\template\module\account.tpl on line 15
2016-06-05 11:38:19 - PHP Notice:  Undefined variable: transaction in C:\xampp\htdocs\seed-plant\upload\catalog\view\theme\pav_flower\template\module\account.tpl on line 15
2016-06-05 11:38:19 - PHP Notice:  Undefined variable: recurring in C:\xampp\htdocs\seed-plant\upload\catalog\view\theme\pav_flower\template\module\account.tpl on line 15
2016-06-05 11:38:19 - PHP Notice:  Undefined variable: download in C:\xampp\htdocs\seed-plant\upload\catalog\view\theme\pav_flower\template\module\account.tpl on line 15
2016-06-05 11:38:19 - PHP Notice:  Undefined variable: return in C:\xampp\htdocs\seed-plant\upload\catalog\view\theme\pav_flower\template\module\account.tpl on line 15
2016-06-05 11:38:19 - PHP Notice:  Undefined variable: transaction in C:\xampp\htdocs\seed-plant\upload\catalog\view\theme\pav_flower\template\module\account.tpl on line 15
2016-06-05 11:38:19 - PHP Notice:  Undefined variable: recurring in C:\xampp\htdocs\seed-plant\upload\catalog\view\theme\pav_flower\template\module\account.tpl on line 15
2016-06-05 11:38:19 - PHP Notice:  Undefined variable: download in C:\xampp\htdocs\seed-plant\upload\catalog\view\theme\pav_flower\template\module\account.tpl on line 15
2016-06-05 11:38:19 - PHP Notice:  Undefined variable: return in C:\xampp\htdocs\seed-plant\upload\catalog\view\theme\pav_flower\template\module\account.tpl on line 15
2016-06-05 11:38:19 - PHP Notice:  Undefined variable: transaction in C:\xampp\htdocs\seed-plant\upload\catalog\view\theme\pav_flower\template\module\account.tpl on line 15
2016-06-05 11:38:19 - PHP Notice:  Undefined variable: recurring in C:\xampp\htdocs\seed-plant\upload\catalog\view\theme\pav_flower\template\module\account.tpl on line 15
2016-06-05 11:38:20 - PHP Notice:  Undefined variable: download in C:\xampp\htdocs\seed-plant\upload\catalog\view\theme\pav_flower\template\module\account.tpl on line 15
2016-06-05 11:38:20 - PHP Notice:  Undefined variable: return in C:\xampp\htdocs\seed-plant\upload\catalog\view\theme\pav_flower\template\module\account.tpl on line 15
2016-06-05 11:38:20 - PHP Notice:  Undefined variable: transaction in C:\xampp\htdocs\seed-plant\upload\catalog\view\theme\pav_flower\template\module\account.tpl on line 15
2016-06-05 11:38:20 - PHP Notice:  Undefined variable: recurring in C:\xampp\htdocs\seed-plant\upload\catalog\view\theme\pav_flower\template\module\account.tpl on line 15
2016-06-05 11:38:20 - PHP Notice:  Undefined variable: download in C:\xampp\htdocs\seed-plant\upload\catalog\view\theme\pav_flower\template\module\account.tpl on line 15
2016-06-05 11:38:20 - PHP Notice:  Undefined variable: return in C:\xampp\htdocs\seed-plant\upload\catalog\view\theme\pav_flower\template\module\account.tpl on line 15
2016-06-05 11:38:20 - PHP Notice:  Undefined variable: transaction in C:\xampp\htdocs\seed-plant\upload\catalog\view\theme\pav_flower\template\module\account.tpl on line 15
2016-06-05 11:38:20 - PHP Notice:  Undefined variable: recurring in C:\xampp\htdocs\seed-plant\upload\catalog\view\theme\pav_flower\template\module\account.tpl on line 15
2016-06-05 11:39:14 - PHP Notice:  Undefined variable: download in C:\xampp\htdocs\seed-plant\upload\catalog\view\theme\pav_flower\template\module\account.tpl on line 15
2016-06-05 11:39:14 - PHP Notice:  Undefined variable: return in C:\xampp\htdocs\seed-plant\upload\catalog\view\theme\pav_flower\template\module\account.tpl on line 15
2016-06-05 11:39:14 - PHP Notice:  Undefined variable: transaction in C:\xampp\htdocs\seed-plant\upload\catalog\view\theme\pav_flower\template\module\account.tpl on line 15
2016-06-05 11:39:14 - PHP Notice:  Undefined variable: recurring in C:\xampp\htdocs\seed-plant\upload\catalog\view\theme\pav_flower\template\module\account.tpl on line 15
2016-06-05 11:39:14 - PHP Notice:  Undefined variable: download in C:\xampp\htdocs\seed-plant\upload\catalog\view\theme\pav_flower\template\module\account.tpl on line 15
2016-06-05 11:39:14 - PHP Notice:  Undefined variable: return in C:\xampp\htdocs\seed-plant\upload\catalog\view\theme\pav_flower\template\module\account.tpl on line 15
2016-06-05 11:39:14 - PHP Notice:  Undefined variable: transaction in C:\xampp\htdocs\seed-plant\upload\catalog\view\theme\pav_flower\template\module\account.tpl on line 15
2016-06-05 11:39:14 - PHP Notice:  Undefined variable: recurring in C:\xampp\htdocs\seed-plant\upload\catalog\view\theme\pav_flower\template\module\account.tpl on line 15
2016-06-05 11:39:51 - PHP Notice:  Undefined variable: download in C:\xampp\htdocs\seed-plant\upload\catalog\view\theme\pav_flower\template\module\account.tpl on line 15
2016-06-05 11:39:51 - PHP Notice:  Undefined variable: return in C:\xampp\htdocs\seed-plant\upload\catalog\view\theme\pav_flower\template\module\account.tpl on line 15
2016-06-05 11:39:51 - PHP Notice:  Undefined variable: transaction in C:\xampp\htdocs\seed-plant\upload\catalog\view\theme\pav_flower\template\module\account.tpl on line 15
2016-06-05 11:39:51 - PHP Notice:  Undefined variable: recurring in C:\xampp\htdocs\seed-plant\upload\catalog\view\theme\pav_flower\template\module\account.tpl on line 15
2016-06-05 11:39:51 - PHP Notice:  Undefined variable: download in C:\xampp\htdocs\seed-plant\upload\catalog\view\theme\pav_flower\template\module\account.tpl on line 15
2016-06-05 11:39:51 - PHP Notice:  Undefined variable: return in C:\xampp\htdocs\seed-plant\upload\catalog\view\theme\pav_flower\template\module\account.tpl on line 15
2016-06-05 11:39:51 - PHP Notice:  Undefined variable: transaction in C:\xampp\htdocs\seed-plant\upload\catalog\view\theme\pav_flower\template\module\account.tpl on line 15
2016-06-05 11:39:51 - PHP Notice:  Undefined variable: recurring in C:\xampp\htdocs\seed-plant\upload\catalog\view\theme\pav_flower\template\module\account.tpl on line 15
2016-06-05 11:40:48 - PHP Notice:  Undefined variable: download in C:\xampp\htdocs\seed-plant\upload\catalog\view\theme\pav_flower\template\module\account.tpl on line 15
2016-06-05 11:40:48 - PHP Notice:  Undefined variable: return in C:\xampp\htdocs\seed-plant\upload\catalog\view\theme\pav_flower\template\module\account.tpl on line 15
2016-06-05 11:40:48 - PHP Notice:  Undefined variable: transaction in C:\xampp\htdocs\seed-plant\upload\catalog\view\theme\pav_flower\template\module\account.tpl on line 15
2016-06-05 11:40:48 - PHP Notice:  Undefined variable: recurring in C:\xampp\htdocs\seed-plant\upload\catalog\view\theme\pav_flower\template\module\account.tpl on line 15
2016-06-05 11:40:48 - PHP Notice:  Undefined variable: download in C:\xampp\htdocs\seed-plant\upload\catalog\view\theme\pav_flower\template\module\account.tpl on line 15
2016-06-05 11:40:48 - PHP Notice:  Undefined variable: return in C:\xampp\htdocs\seed-plant\upload\catalog\view\theme\pav_flower\template\module\account.tpl on line 15
2016-06-05 11:40:48 - PHP Notice:  Undefined variable: transaction in C:\xampp\htdocs\seed-plant\upload\catalog\view\theme\pav_flower\template\module\account.tpl on line 15
2016-06-05 11:40:48 - PHP Notice:  Undefined variable: recurring in C:\xampp\htdocs\seed-plant\upload\catalog\view\theme\pav_flower\template\module\account.tpl on line 15
2016-06-05 11:41:02 - PHP Notice:  Undefined variable: download in C:\xampp\htdocs\seed-plant\upload\catalog\view\theme\pav_flower\template\module\account.tpl on line 15
2016-06-05 11:41:02 - PHP Notice:  Undefined variable: return in C:\xampp\htdocs\seed-plant\upload\catalog\view\theme\pav_flower\template\module\account.tpl on line 15
2016-06-05 11:41:02 - PHP Notice:  Undefined variable: transaction in C:\xampp\htdocs\seed-plant\upload\catalog\view\theme\pav_flower\template\module\account.tpl on line 15
2016-06-05 11:41:02 - PHP Notice:  Undefined variable: recurring in C:\xampp\htdocs\seed-plant\upload\catalog\view\theme\pav_flower\template\module\account.tpl on line 15
2016-06-05 11:41:02 - PHP Notice:  Undefined variable: download in C:\xampp\htdocs\seed-plant\upload\catalog\view\theme\pav_flower\template\module\account.tpl on line 15
2016-06-05 11:41:02 - PHP Notice:  Undefined variable: return in C:\xampp\htdocs\seed-plant\upload\catalog\view\theme\pav_flower\template\module\account.tpl on line 15
2016-06-05 11:41:02 - PHP Notice:  Undefined variable: transaction in C:\xampp\htdocs\seed-plant\upload\catalog\view\theme\pav_flower\template\module\account.tpl on line 15
2016-06-05 11:41:02 - PHP Notice:  Undefined variable: recurring in C:\xampp\htdocs\seed-plant\upload\catalog\view\theme\pav_flower\template\module\account.tpl on line 15
2016-06-05 11:41:14 - PHP Notice:  Undefined variable: download in C:\xampp\htdocs\seed-plant\upload\catalog\view\theme\pav_flower\template\module\account.tpl on line 15
2016-06-05 11:41:14 - PHP Notice:  Undefined variable: return in C:\xampp\htdocs\seed-plant\upload\catalog\view\theme\pav_flower\template\module\account.tpl on line 15
2016-06-05 11:41:14 - PHP Notice:  Undefined variable: transaction in C:\xampp\htdocs\seed-plant\upload\catalog\view\theme\pav_flower\template\module\account.tpl on line 15
2016-06-05 11:41:14 - PHP Notice:  Undefined variable: recurring in C:\xampp\htdocs\seed-plant\upload\catalog\view\theme\pav_flower\template\module\account.tpl on line 15
2016-06-05 11:41:14 - PHP Notice:  Undefined variable: download in C:\xampp\htdocs\seed-plant\upload\catalog\view\theme\pav_flower\template\module\account.tpl on line 15
2016-06-05 11:41:14 - PHP Notice:  Undefined variable: return in C:\xampp\htdocs\seed-plant\upload\catalog\view\theme\pav_flower\template\module\account.tpl on line 15
2016-06-05 11:41:14 - PHP Notice:  Undefined variable: transaction in C:\xampp\htdocs\seed-plant\upload\catalog\view\theme\pav_flower\template\module\account.tpl on line 15
2016-06-05 11:41:14 - PHP Notice:  Undefined variable: recurring in C:\xampp\htdocs\seed-plant\upload\catalog\view\theme\pav_flower\template\module\account.tpl on line 15
2016-06-05 11:41:24 - PHP Notice:  Undefined variable: download in C:\xampp\htdocs\seed-plant\upload\catalog\view\theme\pav_flower\template\module\account.tpl on line 15
2016-06-05 11:41:24 - PHP Notice:  Undefined variable: return in C:\xampp\htdocs\seed-plant\upload\catalog\view\theme\pav_flower\template\module\account.tpl on line 15
2016-06-05 11:41:24 - PHP Notice:  Undefined variable: transaction in C:\xampp\htdocs\seed-plant\upload\catalog\view\theme\pav_flower\template\module\account.tpl on line 15
2016-06-05 11:41:24 - PHP Notice:  Undefined variable: recurring in C:\xampp\htdocs\seed-plant\upload\catalog\view\theme\pav_flower\template\module\account.tpl on line 15
2016-06-05 11:41:25 - PHP Notice:  Undefined variable: download in C:\xampp\htdocs\seed-plant\upload\catalog\view\theme\pav_flower\template\module\account.tpl on line 15
2016-06-05 11:41:25 - PHP Notice:  Undefined variable: return in C:\xampp\htdocs\seed-plant\upload\catalog\view\theme\pav_flower\template\module\account.tpl on line 15
2016-06-05 11:41:25 - PHP Notice:  Undefined variable: transaction in C:\xampp\htdocs\seed-plant\upload\catalog\view\theme\pav_flower\template\module\account.tpl on line 15
2016-06-05 11:41:25 - PHP Notice:  Undefined variable: recurring in C:\xampp\htdocs\seed-plant\upload\catalog\view\theme\pav_flower\template\module\account.tpl on line 15
2016-06-05 11:43:13 - PHP Notice:  Undefined variable: download in C:\xampp\htdocs\seed-plant\upload\catalog\view\theme\pav_flower\template\module\account.tpl on line 20
2016-06-05 11:43:13 - PHP Notice:  Undefined variable: return in C:\xampp\htdocs\seed-plant\upload\catalog\view\theme\pav_flower\template\module\account.tpl on line 22
2016-06-05 11:43:13 - PHP Notice:  Undefined variable: transaction in C:\xampp\htdocs\seed-plant\upload\catalog\view\theme\pav_flower\template\module\account.tpl on line 23
2016-06-05 11:43:13 - PHP Notice:  Undefined variable: recurring in C:\xampp\htdocs\seed-plant\upload\catalog\view\theme\pav_flower\template\module\account.tpl on line 25
2016-06-05 11:43:13 - PHP Notice:  Undefined variable: download in C:\xampp\htdocs\seed-plant\upload\catalog\view\theme\pav_flower\template\module\account.tpl on line 20
2016-06-05 11:43:13 - PHP Notice:  Undefined variable: return in C:\xampp\htdocs\seed-plant\upload\catalog\view\theme\pav_flower\template\module\account.tpl on line 22
2016-06-05 11:43:13 - PHP Notice:  Undefined variable: transaction in C:\xampp\htdocs\seed-plant\upload\catalog\view\theme\pav_flower\template\module\account.tpl on line 23
2016-06-05 11:43:13 - PHP Notice:  Undefined variable: recurring in C:\xampp\htdocs\seed-plant\upload\catalog\view\theme\pav_flower\template\module\account.tpl on line 25
2016-06-05 11:43:59 - PHP Notice:  Undefined variable: download in C:\xampp\htdocs\seed-plant\upload\catalog\view\theme\pav_flower\template\module\account.tpl on line 20
2016-06-05 11:43:59 - PHP Notice:  Undefined variable: return in C:\xampp\htdocs\seed-plant\upload\catalog\view\theme\pav_flower\template\module\account.tpl on line 22
2016-06-05 11:43:59 - PHP Notice:  Undefined variable: transaction in C:\xampp\htdocs\seed-plant\upload\catalog\view\theme\pav_flower\template\module\account.tpl on line 23
2016-06-05 11:43:59 - PHP Notice:  Undefined variable: recurring in C:\xampp\htdocs\seed-plant\upload\catalog\view\theme\pav_flower\template\module\account.tpl on line 25
2016-06-05 11:43:59 - PHP Notice:  Undefined variable: download in C:\xampp\htdocs\seed-plant\upload\catalog\view\theme\pav_flower\template\module\account.tpl on line 20
2016-06-05 11:43:59 - PHP Notice:  Undefined variable: return in C:\xampp\htdocs\seed-plant\upload\catalog\view\theme\pav_flower\template\module\account.tpl on line 22
2016-06-05 11:43:59 - PHP Notice:  Undefined variable: transaction in C:\xampp\htdocs\seed-plant\upload\catalog\view\theme\pav_flower\template\module\account.tpl on line 23
2016-06-05 11:43:59 - PHP Notice:  Undefined variable: recurring in C:\xampp\htdocs\seed-plant\upload\catalog\view\theme\pav_flower\template\module\account.tpl on line 25
2016-06-05 11:44:53 - PHP Notice:  Undefined variable: download in C:\xampp\htdocs\seed-plant\upload\catalog\view\theme\pav_flower\template\module\account.tpl on line 20
2016-06-05 11:44:53 - PHP Notice:  Undefined variable: return in C:\xampp\htdocs\seed-plant\upload\catalog\view\theme\pav_flower\template\module\account.tpl on line 22
2016-06-05 11:44:53 - PHP Notice:  Undefined variable: transaction in C:\xampp\htdocs\seed-plant\upload\catalog\view\theme\pav_flower\template\module\account.tpl on line 23
2016-06-05 11:44:53 - PHP Notice:  Undefined variable: recurring in C:\xampp\htdocs\seed-plant\upload\catalog\view\theme\pav_flower\template\module\account.tpl on line 25
2016-06-05 11:44:53 - PHP Notice:  Undefined variable: download in C:\xampp\htdocs\seed-plant\upload\catalog\view\theme\pav_flower\template\module\account.tpl on line 20
2016-06-05 11:44:53 - PHP Notice:  Undefined variable: return in C:\xampp\htdocs\seed-plant\upload\catalog\view\theme\pav_flower\template\module\account.tpl on line 22
2016-06-05 11:44:53 - PHP Notice:  Undefined variable: transaction in C:\xampp\htdocs\seed-plant\upload\catalog\view\theme\pav_flower\template\module\account.tpl on line 23
2016-06-05 11:44:53 - PHP Notice:  Undefined variable: recurring in C:\xampp\htdocs\seed-plant\upload\catalog\view\theme\pav_flower\template\module\account.tpl on line 25
2016-06-05 11:45:08 - PHP Notice:  Undefined variable: download in C:\xampp\htdocs\seed-plant\upload\catalog\view\theme\pav_flower\template\module\account.tpl on line 20
2016-06-05 11:45:08 - PHP Notice:  Undefined variable: return in C:\xampp\htdocs\seed-plant\upload\catalog\view\theme\pav_flower\template\module\account.tpl on line 22
2016-06-05 11:45:08 - PHP Notice:  Undefined variable: transaction in C:\xampp\htdocs\seed-plant\upload\catalog\view\theme\pav_flower\template\module\account.tpl on line 23
2016-06-05 11:45:08 - PHP Notice:  Undefined variable: recurring in C:\xampp\htdocs\seed-plant\upload\catalog\view\theme\pav_flower\template\module\account.tpl on line 25
2016-06-05 11:45:08 - PHP Notice:  Undefined variable: download in C:\xampp\htdocs\seed-plant\upload\catalog\view\theme\pav_flower\template\module\account.tpl on line 20
2016-06-05 11:45:08 - PHP Notice:  Undefined variable: return in C:\xampp\htdocs\seed-plant\upload\catalog\view\theme\pav_flower\template\module\account.tpl on line 22
2016-06-05 11:45:08 - PHP Notice:  Undefined variable: transaction in C:\xampp\htdocs\seed-plant\upload\catalog\view\theme\pav_flower\template\module\account.tpl on line 23
2016-06-05 11:45:08 - PHP Notice:  Undefined variable: recurring in C:\xampp\htdocs\seed-plant\upload\catalog\view\theme\pav_flower\template\module\account.tpl on line 25
2016-06-05 17:41:13 - PHP Notice:  Uninitialized string offset: 2 in C:\xampp\htdocs\seed-plant\upload\catalog\view\theme\pav_flower\template\information\contact.tpl on line 77
2016-06-05 17:52:38 - PHP Notice:  Undefined variable: download in C:\xampp\htdocs\seed-plant\upload\catalog\view\theme\pav_flower\template\module\account.tpl on line 20
2016-06-05 17:52:38 - PHP Notice:  Undefined variable: return in C:\xampp\htdocs\seed-plant\upload\catalog\view\theme\pav_flower\template\module\account.tpl on line 22
2016-06-05 17:52:38 - PHP Notice:  Undefined variable: transaction in C:\xampp\htdocs\seed-plant\upload\catalog\view\theme\pav_flower\template\module\account.tpl on line 23
2016-06-05 17:52:38 - PHP Notice:  Undefined variable: recurring in C:\xampp\htdocs\seed-plant\upload\catalog\view\theme\pav_flower\template\module\account.tpl on line 25
2016-06-05 17:52:38 - PHP Notice:  Undefined variable: download in C:\xampp\htdocs\seed-plant\upload\catalog\view\theme\pav_flower\template\module\account.tpl on line 20
2016-06-05 17:52:38 - PHP Notice:  Undefined variable: return in C:\xampp\htdocs\seed-plant\upload\catalog\view\theme\pav_flower\template\module\account.tpl on line 22
2016-06-05 17:52:38 - PHP Notice:  Undefined variable: transaction in C:\xampp\htdocs\seed-plant\upload\catalog\view\theme\pav_flower\template\module\account.tpl on line 23
2016-06-05 17:52:38 - PHP Notice:  Undefined variable: recurring in C:\xampp\htdocs\seed-plant\upload\catalog\view\theme\pav_flower\template\module\account.tpl on line 25
2016-06-05 17:52:44 - PHP Notice:  Undefined variable: download in C:\xampp\htdocs\seed-plant\upload\catalog\view\theme\pav_flower\template\module\account.tpl on line 20
2016-06-05 17:52:44 - PHP Notice:  Undefined variable: return in C:\xampp\htdocs\seed-plant\upload\catalog\view\theme\pav_flower\template\module\account.tpl on line 22
2016-06-05 17:52:44 - PHP Notice:  Undefined variable: transaction in C:\xampp\htdocs\seed-plant\upload\catalog\view\theme\pav_flower\template\module\account.tpl on line 23
2016-06-05 17:52:44 - PHP Notice:  Undefined variable: recurring in C:\xampp\htdocs\seed-plant\upload\catalog\view\theme\pav_flower\template\module\account.tpl on line 25
2016-06-05 17:52:44 - PHP Notice:  Undefined variable: download in C:\xampp\htdocs\seed-plant\upload\catalog\view\theme\pav_flower\template\module\account.tpl on line 20
2016-06-05 17:52:44 - PHP Notice:  Undefined variable: return in C:\xampp\htdocs\seed-plant\upload\catalog\view\theme\pav_flower\template\module\account.tpl on line 22
2016-06-05 17:52:44 - PHP Notice:  Undefined variable: transaction in C:\xampp\htdocs\seed-plant\upload\catalog\view\theme\pav_flower\template\module\account.tpl on line 23
2016-06-05 17:52:44 - PHP Notice:  Undefined variable: recurring in C:\xampp\htdocs\seed-plant\upload\catalog\view\theme\pav_flower\template\module\account.tpl on line 25
2016-06-26 10:21:36 - PHP Notice:  Undefined index: stock_status_id in C:\xampp\htdocs\seed-plant\upload\admin\model\catalog\product.php on line 130
2016-06-26 10:21:36 - PHP Notice:  Undefined index: weight_class_id in C:\xampp\htdocs\seed-plant\upload\admin\model\catalog\product.php on line 130
2016-06-26 10:21:36 - PHP Notice:  Undefined index: length_class_id in C:\xampp\htdocs\seed-plant\upload\admin\model\catalog\product.php on line 130
2016-07-01 10:54:30 - PHP Notice:  Undefined variable: heading_title in C:\xampp\htdocs\seed-plant\upload\catalog\view\theme\pav_flower\template\module\category.tpl on line 4
2016-07-01 10:54:30 - PHP Notice:  Undefined variable: category_id in C:\xampp\htdocs\seed-plant\upload\catalog\view\theme\pav_flower\template\module\category.tpl on line 11
2016-07-01 10:54:30 - PHP Notice:  Undefined index: children in C:\xampp\htdocs\seed-plant\upload\catalog\view\theme\pav_flower\template\module\category.tpl on line 16
2016-07-01 10:54:30 - PHP Notice:  Undefined variable: category_id in C:\xampp\htdocs\seed-plant\upload\catalog\view\theme\pav_flower\template\module\category.tpl on line 11
2016-07-01 10:54:30 - PHP Notice:  Undefined index: children in C:\xampp\htdocs\seed-plant\upload\catalog\view\theme\pav_flower\template\module\category.tpl on line 16
2016-07-01 10:54:30 - PHP Notice:  Undefined variable: category_id in C:\xampp\htdocs\seed-plant\upload\catalog\view\theme\pav_flower\template\module\category.tpl on line 11
2016-07-01 10:54:30 - PHP Notice:  Undefined index: children in C:\xampp\htdocs\seed-plant\upload\catalog\view\theme\pav_flower\template\module\category.tpl on line 16
2016-07-01 10:54:30 - PHP Notice:  Undefined variable: category_id in C:\xampp\htdocs\seed-plant\upload\catalog\view\theme\pav_flower\template\module\category.tpl on line 11
2016-07-01 10:54:30 - PHP Notice:  Undefined index: children in C:\xampp\htdocs\seed-plant\upload\catalog\view\theme\pav_flower\template\module\category.tpl on line 16
2016-07-01 10:54:30 - PHP Notice:  Undefined variable: category_id in C:\xampp\htdocs\seed-plant\upload\catalog\view\theme\pav_flower\template\module\category.tpl on line 11
2016-07-01 10:54:30 - PHP Notice:  Undefined index: children in C:\xampp\htdocs\seed-plant\upload\catalog\view\theme\pav_flower\template\module\category.tpl on line 16
2016-07-01 10:54:30 - PHP Notice:  Undefined variable: category_id in C:\xampp\htdocs\seed-plant\upload\catalog\view\theme\pav_flower\template\module\category.tpl on line 11
2016-07-01 10:54:30 - PHP Notice:  Undefined index: children in C:\xampp\htdocs\seed-plant\upload\catalog\view\theme\pav_flower\template\module\category.tpl on line 16
2016-07-01 10:54:30 - PHP Notice:  Undefined variable: category_id in C:\xampp\htdocs\seed-plant\upload\catalog\view\theme\pav_flower\template\module\category.tpl on line 11
2016-07-01 10:54:30 - PHP Notice:  Undefined index: children in C:\xampp\htdocs\seed-plant\upload\catalog\view\theme\pav_flower\template\module\category.tpl on line 16
2016-07-01 10:54:30 - PHP Notice:  Undefined variable: category_id in C:\xampp\htdocs\seed-plant\upload\catalog\view\theme\pav_flower\template\module\category.tpl on line 11
2016-07-01 10:54:30 - PHP Notice:  Undefined index: children in C:\xampp\htdocs\seed-plant\upload\catalog\view\theme\pav_flower\template\module\category.tpl on line 16
2016-07-01 10:54:30 - PHP Notice:  Undefined variable: category_id in C:\xampp\htdocs\seed-plant\upload\catalog\view\theme\pav_flower\template\module\category.tpl on line 11
2016-07-01 10:54:30 - PHP Notice:  Undefined index: children in C:\xampp\htdocs\seed-plant\upload\catalog\view\theme\pav_flower\template\module\category.tpl on line 16
2016-07-01 10:54:30 - PHP Notice:  Undefined variable: category_id in C:\xampp\htdocs\seed-plant\upload\catalog\view\theme\pav_flower\template\module\category.tpl on line 11
2016-07-01 10:54:30 - PHP Notice:  Undefined variable: category_id in C:\xampp\htdocs\seed-plant\upload\catalog\view\theme\pav_flower\template\module\category.tpl on line 21
2016-07-01 10:54:30 - PHP Notice:  Undefined index: category_id in C:\xampp\htdocs\seed-plant\upload\catalog\view\theme\pav_flower\template\module\category.tpl on line 24
2016-07-01 10:54:30 - PHP Notice:  Undefined variable: child_id in C:\xampp\htdocs\seed-plant\upload\catalog\view\theme\pav_flower\template\module\category.tpl on line 24
2016-07-01 10:54:30 - PHP Notice:  Undefined index: href in C:\xampp\htdocs\seed-plant\upload\catalog\view\theme\pav_flower\template\module\category.tpl on line 25
2016-07-01 10:54:30 - PHP Notice:  Undefined index: name in C:\xampp\htdocs\seed-plant\upload\catalog\view\theme\pav_flower\template\module\category.tpl on line 25
2016-07-01 10:54:30 - PHP Notice:  Undefined variable: category_id in C:\xampp\htdocs\seed-plant\upload\catalog\view\theme\pav_flower\template\module\category.tpl on line 11
2016-07-01 10:54:30 - PHP Notice:  Undefined index: children in C:\xampp\htdocs\seed-plant\upload\catalog\view\theme\pav_flower\template\module\category.tpl on line 16
2016-07-01 10:54:30 - PHP Notice:  Undefined variable: heading_title in C:\xampp\htdocs\seed-plant\upload\catalog\view\theme\pav_flower\template\module\category.tpl on line 4
2016-07-01 10:54:30 - PHP Notice:  Undefined variable: category_id in C:\xampp\htdocs\seed-plant\upload\catalog\view\theme\pav_flower\template\module\category.tpl on line 11
2016-07-01 10:54:30 - PHP Notice:  Undefined index: children in C:\xampp\htdocs\seed-plant\upload\catalog\view\theme\pav_flower\template\module\category.tpl on line 16
2016-07-01 10:54:30 - PHP Notice:  Undefined variable: category_id in C:\xampp\htdocs\seed-plant\upload\catalog\view\theme\pav_flower\template\module\category.tpl on line 11
2016-07-01 10:54:30 - PHP Notice:  Undefined index: children in C:\xampp\htdocs\seed-plant\upload\catalog\view\theme\pav_flower\template\module\category.tpl on line 16
2016-07-01 10:54:30 - PHP Notice:  Undefined variable: category_id in C:\xampp\htdocs\seed-plant\upload\catalog\view\theme\pav_flower\template\module\category.tpl on line 11
2016-07-01 10:54:30 - PHP Notice:  Undefined index: children in C:\xampp\htdocs\seed-plant\upload\catalog\view\theme\pav_flower\template\module\category.tpl on line 16
2016-07-01 10:54:30 - PHP Notice:  Undefined variable: category_id in C:\xampp\htdocs\seed-plant\upload\catalog\view\theme\pav_flower\template\module\category.tpl on line 11
2016-07-01 10:54:30 - PHP Notice:  Undefined index: children in C:\xampp\htdocs\seed-plant\upload\catalog\view\theme\pav_flower\template\module\category.tpl on line 16
2016-07-01 10:54:30 - PHP Notice:  Undefined variable: category_id in C:\xampp\htdocs\seed-plant\upload\catalog\view\theme\pav_flower\template\module\category.tpl on line 11
2016-07-01 10:54:30 - PHP Notice:  Undefined index: children in C:\xampp\htdocs\seed-plant\upload\catalog\view\theme\pav_flower\template\module\category.tpl on line 16
2016-07-01 10:54:30 - PHP Notice:  Undefined variable: category_id in C:\xampp\htdocs\seed-plant\upload\catalog\view\theme\pav_flower\template\module\category.tpl on line 11
2016-07-01 10:54:30 - PHP Notice:  Undefined index: children in C:\xampp\htdocs\seed-plant\upload\catalog\view\theme\pav_flower\template\module\category.tpl on line 16
2016-07-01 10:54:30 - PHP Notice:  Undefined variable: category_id in C:\xampp\htdocs\seed-plant\upload\catalog\view\theme\pav_flower\template\module\category.tpl on line 11
2016-07-01 10:54:30 - PHP Notice:  Undefined index: children in C:\xampp\htdocs\seed-plant\upload\catalog\view\theme\pav_flower\template\module\category.tpl on line 16
2016-07-01 10:54:30 - PHP Notice:  Undefined variable: category_id in C:\xampp\htdocs\seed-plant\upload\catalog\view\theme\pav_flower\template\module\category.tpl on line 11
2016-07-01 10:54:30 - PHP Notice:  Undefined index: children in C:\xampp\htdocs\seed-plant\upload\catalog\view\theme\pav_flower\template\module\category.tpl on line 16
2016-07-01 10:54:30 - PHP Notice:  Undefined variable: category_id in C:\xampp\htdocs\seed-plant\upload\catalog\view\theme\pav_flower\template\module\category.tpl on line 11
2016-07-01 10:54:30 - PHP Notice:  Undefined index: children in C:\xampp\htdocs\seed-plant\upload\catalog\view\theme\pav_flower\template\module\category.tpl on line 16
2016-07-01 10:54:30 - PHP Notice:  Undefined variable: category_id in C:\xampp\htdocs\seed-plant\upload\catalog\view\theme\pav_flower\template\module\category.tpl on line 11
2016-07-01 10:54:30 - PHP Notice:  Undefined variable: category_id in C:\xampp\htdocs\seed-plant\upload\catalog\view\theme\pav_flower\template\module\category.tpl on line 21
2016-07-01 10:54:30 - PHP Notice:  Undefined index: category_id in C:\xampp\htdocs\seed-plant\upload\catalog\view\theme\pav_flower\template\module\category.tpl on line 24
2016-07-01 10:54:30 - PHP Notice:  Undefined variable: child_id in C:\xampp\htdocs\seed-plant\upload\catalog\view\theme\pav_flower\template\module\category.tpl on line 24
2016-07-01 10:54:30 - PHP Notice:  Undefined index: href in C:\xampp\htdocs\seed-plant\upload\catalog\view\theme\pav_flower\template\module\category.tpl on line 25
2016-07-01 10:54:30 - PHP Notice:  Undefined index: name in C:\xampp\htdocs\seed-plant\upload\catalog\view\theme\pav_flower\template\module\category.tpl on line 25
2016-07-01 10:54:30 - PHP Notice:  Undefined variable: category_id in C:\xampp\htdocs\seed-plant\upload\catalog\view\theme\pav_flower\template\module\category.tpl on line 11
2016-07-01 10:54:30 - PHP Notice:  Undefined index: children in C:\xampp\htdocs\seed-plant\upload\catalog\view\theme\pav_flower\template\module\category.tpl on line 16
2016-07-01 10:54:31 - PHP Notice:  Undefined variable: heading_title in C:\xampp\htdocs\seed-plant\upload\catalog\view\theme\pav_flower\template\module\category.tpl on line 4
2016-07-01 10:54:31 - PHP Notice:  Undefined variable: category_id in C:\xampp\htdocs\seed-plant\upload\catalog\view\theme\pav_flower\template\module\category.tpl on line 11
2016-07-01 10:54:31 - PHP Notice:  Undefined index: children in C:\xampp\htdocs\seed-plant\upload\catalog\view\theme\pav_flower\template\module\category.tpl on line 16
2016-07-01 10:54:31 - PHP Notice:  Undefined variable: category_id in C:\xampp\htdocs\seed-plant\upload\catalog\view\theme\pav_flower\template\module\category.tpl on line 11
2016-07-01 10:54:31 - PHP Notice:  Undefined index: children in C:\xampp\htdocs\seed-plant\upload\catalog\view\theme\pav_flower\template\module\category.tpl on line 16
2016-07-01 10:54:31 - PHP Notice:  Undefined variable: category_id in C:\xampp\htdocs\seed-plant\upload\catalog\view\theme\pav_flower\template\module\category.tpl on line 11
2016-07-01 10:54:31 - PHP Notice:  Undefined index: children in C:\xampp\htdocs\seed-plant\upload\catalog\view\theme\pav_flower\template\module\category.tpl on line 16
2016-07-01 10:54:31 - PHP Notice:  Undefined variable: category_id in C:\xampp\htdocs\seed-plant\upload\catalog\view\theme\pav_flower\template\module\category.tpl on line 11
2016-07-01 10:54:31 - PHP Notice:  Undefined index: children in C:\xampp\htdocs\seed-plant\upload\catalog\view\theme\pav_flower\template\module\category.tpl on line 16
2016-07-01 10:54:31 - PHP Notice:  Undefined variable: category_id in C:\xampp\htdocs\seed-plant\upload\catalog\view\theme\pav_flower\template\module\category.tpl on line 11
2016-07-01 10:54:31 - PHP Notice:  Undefined index: children in C:\xampp\htdocs\seed-plant\upload\catalog\view\theme\pav_flower\template\module\category.tpl on line 16
2016-07-01 10:54:31 - PHP Notice:  Undefined variable: category_id in C:\xampp\htdocs\seed-plant\upload\catalog\view\theme\pav_flower\template\module\category.tpl on line 11
2016-07-01 10:54:31 - PHP Notice:  Undefined index: children in C:\xampp\htdocs\seed-plant\upload\catalog\view\theme\pav_flower\template\module\category.tpl on line 16
2016-07-01 10:54:31 - PHP Notice:  Undefined variable: category_id in C:\xampp\htdocs\seed-plant\upload\catalog\view\theme\pav_flower\template\module\category.tpl on line 11
2016-07-01 10:54:31 - PHP Notice:  Undefined index: children in C:\xampp\htdocs\seed-plant\upload\catalog\view\theme\pav_flower\template\module\category.tpl on line 16
2016-07-01 10:54:31 - PHP Notice:  Undefined variable: category_id in C:\xampp\htdocs\seed-plant\upload\catalog\view\theme\pav_flower\template\module\category.tpl on line 11
2016-07-01 10:54:31 - PHP Notice:  Undefined index: children in C:\xampp\htdocs\seed-plant\upload\catalog\view\theme\pav_flower\template\module\category.tpl on line 16
2016-07-01 10:54:31 - PHP Notice:  Undefined variable: category_id in C:\xampp\htdocs\seed-plant\upload\catalog\view\theme\pav_flower\template\module\category.tpl on line 11
2016-07-01 10:54:31 - PHP Notice:  Undefined index: children in C:\xampp\htdocs\seed-plant\upload\catalog\view\theme\pav_flower\template\module\category.tpl on line 16
2016-07-01 10:54:31 - PHP Notice:  Undefined variable: category_id in C:\xampp\htdocs\seed-plant\upload\catalog\view\theme\pav_flower\template\module\category.tpl on line 11
2016-07-01 10:54:31 - PHP Notice:  Undefined variable: category_id in C:\xampp\htdocs\seed-plant\upload\catalog\view\theme\pav_flower\template\module\category.tpl on line 21
2016-07-01 10:54:31 - PHP Notice:  Undefined index: category_id in C:\xampp\htdocs\seed-plant\upload\catalog\view\theme\pav_flower\template\module\category.tpl on line 24
2016-07-01 10:54:31 - PHP Notice:  Undefined variable: child_id in C:\xampp\htdocs\seed-plant\upload\catalog\view\theme\pav_flower\template\module\category.tpl on line 24
2016-07-01 10:54:31 - PHP Notice:  Undefined index: href in C:\xampp\htdocs\seed-plant\upload\catalog\view\theme\pav_flower\template\module\category.tpl on line 25
2016-07-01 10:54:31 - PHP Notice:  Undefined index: name in C:\xampp\htdocs\seed-plant\upload\catalog\view\theme\pav_flower\template\module\category.tpl on line 25
2016-07-01 10:54:31 - PHP Notice:  Undefined variable: category_id in C:\xampp\htdocs\seed-plant\upload\catalog\view\theme\pav_flower\template\module\category.tpl on line 11
2016-07-01 10:54:31 - PHP Notice:  Undefined index: children in C:\xampp\htdocs\seed-plant\upload\catalog\view\theme\pav_flower\template\module\category.tpl on line 16
2016-07-01 12:10:21 - PHP Notice:  Undefined index: children in C:\xampp\htdocs\seed-plant\upload\catalog\view\theme\pav_flower\template\module\category.tpl on line 16
2016-07-01 12:10:21 - PHP Notice:  Undefined index: children in C:\xampp\htdocs\seed-plant\upload\catalog\view\theme\pav_flower\template\module\category.tpl on line 16
2016-07-01 12:10:21 - PHP Notice:  Undefined index: children in C:\xampp\htdocs\seed-plant\upload\catalog\view\theme\pav_flower\template\module\category.tpl on line 16
2016-07-01 12:10:21 - PHP Notice:  Undefined index: children in C:\xampp\htdocs\seed-plant\upload\catalog\view\theme\pav_flower\template\module\category.tpl on line 16
2016-07-01 12:10:21 - PHP Notice:  Undefined index: children in C:\xampp\htdocs\seed-plant\upload\catalog\view\theme\pav_flower\template\module\category.tpl on line 16
2016-07-01 12:10:21 - PHP Notice:  Undefined index: children in C:\xampp\htdocs\seed-plant\upload\catalog\view\theme\pav_flower\template\module\category.tpl on line 16
2016-07-01 12:10:21 - PHP Notice:  Undefined index: children in C:\xampp\htdocs\seed-plant\upload\catalog\view\theme\pav_flower\template\module\category.tpl on line 16
2016-07-01 12:10:21 - PHP Notice:  Undefined index: children in C:\xampp\htdocs\seed-plant\upload\catalog\view\theme\pav_flower\template\module\category.tpl on line 16
2016-07-01 12:10:21 - PHP Notice:  Undefined index: children in C:\xampp\htdocs\seed-plant\upload\catalog\view\theme\pav_flower\template\module\category.tpl on line 16
2016-07-01 12:10:21 - PHP Notice:  Undefined index: children in C:\xampp\htdocs\seed-plant\upload\catalog\view\theme\pav_flower\template\module\category.tpl on line 16
2016-07-01 12:10:21 - PHP Notice:  Undefined index: children in C:\xampp\htdocs\seed-plant\upload\catalog\view\theme\pav_flower\template\module\category.tpl on line 16
2016-07-01 12:10:21 - PHP Notice:  Undefined index: children in C:\xampp\htdocs\seed-plant\upload\catalog\view\theme\pav_flower\template\module\category.tpl on line 16
2016-07-01 12:10:21 - PHP Notice:  Undefined index: children in C:\xampp\htdocs\seed-plant\upload\catalog\view\theme\pav_flower\template\module\category.tpl on line 16
2016-07-01 12:10:21 - PHP Notice:  Undefined index: children in C:\xampp\htdocs\seed-plant\upload\catalog\view\theme\pav_flower\template\module\category.tpl on line 16
2016-07-01 12:10:21 - PHP Notice:  Undefined index: children in C:\xampp\htdocs\seed-plant\upload\catalog\view\theme\pav_flower\template\module\category.tpl on line 16
2016-07-01 12:10:21 - PHP Notice:  Undefined index: children in C:\xampp\htdocs\seed-plant\upload\catalog\view\theme\pav_flower\template\module\category.tpl on line 16
2016-07-01 12:10:21 - PHP Notice:  Undefined index: children in C:\xampp\htdocs\seed-plant\upload\catalog\view\theme\pav_flower\template\module\category.tpl on line 16
2016-07-01 12:10:21 - PHP Notice:  Undefined index: children in C:\xampp\htdocs\seed-plant\upload\catalog\view\theme\pav_flower\template\module\category.tpl on line 16
2016-07-01 12:10:21 - PHP Notice:  Undefined index: children in C:\xampp\htdocs\seed-plant\upload\catalog\view\theme\pav_flower\template\module\category.tpl on line 16
2016-07-01 12:10:21 - PHP Notice:  Undefined index: children in C:\xampp\htdocs\seed-plant\upload\catalog\view\theme\pav_flower\template\module\category.tpl on line 16
2016-07-01 12:10:21 - PHP Notice:  Undefined index: children in C:\xampp\htdocs\seed-plant\upload\catalog\view\theme\pav_flower\template\module\category.tpl on line 16
2016-07-01 12:10:21 - PHP Notice:  Undefined index: children in C:\xampp\htdocs\seed-plant\upload\catalog\view\theme\pav_flower\template\module\category.tpl on line 16
2016-07-01 12:10:21 - PHP Notice:  Undefined index: children in C:\xampp\htdocs\seed-plant\upload\catalog\view\theme\pav_flower\template\module\category.tpl on line 16
2016-07-01 12:10:21 - PHP Notice:  Undefined index: children in C:\xampp\htdocs\seed-plant\upload\catalog\view\theme\pav_flower\template\module\category.tpl on line 16
2016-07-01 12:10:21 - PHP Notice:  Undefined index: children in C:\xampp\htdocs\seed-plant\upload\catalog\view\theme\pav_flower\template\module\category.tpl on line 16
2016-07-01 12:10:21 - PHP Notice:  Undefined index: children in C:\xampp\htdocs\seed-plant\upload\catalog\view\theme\pav_flower\template\module\category.tpl on line 16
2016-07-01 12:10:21 - PHP Notice:  Undefined index: children in C:\xampp\htdocs\seed-plant\upload\catalog\view\theme\pav_flower\template\module\category.tpl on line 16
2016-07-01 12:10:21 - PHP Notice:  Undefined index: children in C:\xampp\htdocs\seed-plant\upload\catalog\view\theme\pav_flower\template\module\category.tpl on line 16
2016-07-01 12:10:21 - PHP Notice:  Undefined index: children in C:\xampp\htdocs\seed-plant\upload\catalog\view\theme\pav_flower\template\module\category.tpl on line 16
2016-07-01 12:10:21 - PHP Notice:  Undefined index: children in C:\xampp\htdocs\seed-plant\upload\catalog\view\theme\pav_flower\template\module\category.tpl on line 16
2016-07-01 13:02:53 - PHP Notice:  Undefined variable: ckey in C:\xampp\htdocs\seed-plant\upload\catalog\view\theme\pav_flower\template\module\category.tpl on line 30
2016-07-01 13:02:53 - PHP Notice:  Undefined variable: key in C:\xampp\htdocs\seed-plant\upload\catalog\view\theme\pav_flower\template\module\category.tpl on line 30
2016-07-01 13:02:53 - PHP Notice:  Undefined variable: ckey in C:\xampp\htdocs\seed-plant\upload\catalog\view\theme\pav_flower\template\module\category.tpl on line 30
2016-07-01 13:02:53 - PHP Notice:  Undefined variable: key in C:\xampp\htdocs\seed-plant\upload\catalog\view\theme\pav_flower\template\module\category.tpl on line 30
2016-07-01 13:02:53 - PHP Notice:  Undefined variable: ckey in C:\xampp\htdocs\seed-plant\upload\catalog\view\theme\pav_flower\template\module\category.tpl on line 33
2016-07-01 13:02:53 - PHP Notice:  Undefined variable: key in C:\xampp\htdocs\seed-plant\upload\catalog\view\theme\pav_flower\template\module\category.tpl on line 33
2016-07-01 13:02:53 - PHP Notice:  Undefined variable: category_id in C:\xampp\htdocs\seed-plant\upload\catalog\view\theme\pav_flower\template\module\category.tpl on line 33
2016-07-01 13:02:53 - PHP Notice:  Undefined variable: child_id in C:\xampp\htdocs\seed-plant\upload\catalog\view\theme\pav_flower\template\module\category.tpl on line 36
2016-07-01 13:02:53 - PHP Notice:  Undefined variable: child_id in C:\xampp\htdocs\seed-plant\upload\catalog\view\theme\pav_flower\template\module\category.tpl on line 36
2016-07-01 13:02:53 - PHP Notice:  Undefined variable: child_id in C:\xampp\htdocs\seed-plant\upload\catalog\view\theme\pav_flower\template\module\category.tpl on line 36
2016-07-01 13:02:53 - PHP Notice:  Undefined variable: child_id in C:\xampp\htdocs\seed-plant\upload\catalog\view\theme\pav_flower\template\module\category.tpl on line 36
2016-07-01 13:02:53 - PHP Notice:  Undefined variable: child_id in C:\xampp\htdocs\seed-plant\upload\catalog\view\theme\pav_flower\template\module\category.tpl on line 36
2016-07-01 13:02:53 - PHP Notice:  Undefined variable: child_id in C:\xampp\htdocs\seed-plant\upload\catalog\view\theme\pav_flower\template\module\category.tpl on line 36
2016-07-01 13:02:53 - PHP Notice:  Undefined variable: child_id in C:\xampp\htdocs\seed-plant\upload\catalog\view\theme\pav_flower\template\module\category.tpl on line 36
2016-07-01 13:02:53 - PHP Notice:  Undefined variable: child_id in C:\xampp\htdocs\seed-plant\upload\catalog\view\theme\pav_flower\template\module\category.tpl on line 36
2016-07-01 13:02:53 - PHP Notice:  Undefined variable: child_id in C:\xampp\htdocs\seed-plant\upload\catalog\view\theme\pav_flower\template\module\category.tpl on line 36
2016-07-01 13:02:53 - PHP Notice:  Undefined variable: child_id in C:\xampp\htdocs\seed-plant\upload\catalog\view\theme\pav_flower\template\module\category.tpl on line 36
2016-07-01 13:02:53 - PHP Notice:  Undefined variable: child_id in C:\xampp\htdocs\seed-plant\upload\catalog\view\theme\pav_flower\template\module\category.tpl on line 36
2016-07-01 13:02:53 - PHP Notice:  Undefined variable: child_id in C:\xampp\htdocs\seed-plant\upload\catalog\view\theme\pav_flower\template\module\category.tpl on line 36
2016-07-01 13:02:53 - PHP Notice:  Undefined variable: child_id in C:\xampp\htdocs\seed-plant\upload\catalog\view\theme\pav_flower\template\module\category.tpl on line 36
2016-07-01 13:02:53 - PHP Notice:  Undefined variable: child_id in C:\xampp\htdocs\seed-plant\upload\catalog\view\theme\pav_flower\template\module\category.tpl on line 36
2016-07-01 13:03:17 - PHP Notice:  Undefined variable: ckey in C:\xampp\htdocs\seed-plant\upload\catalog\view\theme\pav_flower\template\module\category.tpl on line 6
2016-07-01 13:03:17 - PHP Notice:  Undefined variable: key in C:\xampp\htdocs\seed-plant\upload\catalog\view\theme\pav_flower\template\module\category.tpl on line 6
2016-07-01 13:03:17 - PHP Notice:  Undefined variable: ckey in C:\xampp\htdocs\seed-plant\upload\catalog\view\theme\pav_flower\template\module\category.tpl on line 6
2016-07-01 13:03:17 - PHP Notice:  Undefined variable: key in C:\xampp\htdocs\seed-plant\upload\catalog\view\theme\pav_flower\template\module\category.tpl on line 6
2016-07-01 13:03:17 - PHP Notice:  Undefined variable: ckey in C:\xampp\htdocs\seed-plant\upload\catalog\view\theme\pav_flower\template\module\category.tpl on line 9
2016-07-01 13:03:17 - PHP Notice:  Undefined variable: key in C:\xampp\htdocs\seed-plant\upload\catalog\view\theme\pav_flower\template\module\category.tpl on line 9
2016-07-01 13:03:17 - PHP Notice:  Undefined variable: category_id in C:\xampp\htdocs\seed-plant\upload\catalog\view\theme\pav_flower\template\module\category.tpl on line 9
2016-07-01 13:03:17 - PHP Notice:  Undefined variable: child_id in C:\xampp\htdocs\seed-plant\upload\catalog\view\theme\pav_flower\template\module\category.tpl on line 12
2016-07-01 13:03:17 - PHP Notice:  Undefined variable: child_id in C:\xampp\htdocs\seed-plant\upload\catalog\view\theme\pav_flower\template\module\category.tpl on line 12
2016-07-01 13:03:17 - PHP Notice:  Undefined variable: child_id in C:\xampp\htdocs\seed-plant\upload\catalog\view\theme\pav_flower\template\module\category.tpl on line 12
2016-07-01 13:03:17 - PHP Notice:  Undefined variable: child_id in C:\xampp\htdocs\seed-plant\upload\catalog\view\theme\pav_flower\template\module\category.tpl on line 12
2016-07-01 13:03:17 - PHP Notice:  Undefined variable: child_id in C:\xampp\htdocs\seed-plant\upload\catalog\view\theme\pav_flower\template\module\category.tpl on line 12
2016-07-01 13:03:17 - PHP Notice:  Undefined variable: child_id in C:\xampp\htdocs\seed-plant\upload\catalog\view\theme\pav_flower\template\module\category.tpl on line 12
2016-07-01 13:03:17 - PHP Notice:  Undefined variable: child_id in C:\xampp\htdocs\seed-plant\upload\catalog\view\theme\pav_flower\template\module\category.tpl on line 12
2016-07-01 13:03:17 - PHP Notice:  Undefined variable: child_id in C:\xampp\htdocs\seed-plant\upload\catalog\view\theme\pav_flower\template\module\category.tpl on line 12
2016-07-01 13:03:17 - PHP Notice:  Undefined variable: child_id in C:\xampp\htdocs\seed-plant\upload\catalog\view\theme\pav_flower\template\module\category.tpl on line 12
2016-07-01 13:03:17 - PHP Notice:  Undefined variable: child_id in C:\xampp\htdocs\seed-plant\upload\catalog\view\theme\pav_flower\template\module\category.tpl on line 12
2016-07-01 13:03:17 - PHP Notice:  Undefined variable: child_id in C:\xampp\htdocs\seed-plant\upload\catalog\view\theme\pav_flower\template\module\category.tpl on line 12
2016-07-01 13:03:17 - PHP Notice:  Undefined variable: child_id in C:\xampp\htdocs\seed-plant\upload\catalog\view\theme\pav_flower\template\module\category.tpl on line 12
2016-07-01 13:03:17 - PHP Notice:  Undefined variable: child_id in C:\xampp\htdocs\seed-plant\upload\catalog\view\theme\pav_flower\template\module\category.tpl on line 12
2016-07-01 13:03:17 - PHP Notice:  Undefined variable: child_id in C:\xampp\htdocs\seed-plant\upload\catalog\view\theme\pav_flower\template\module\category.tpl on line 12
2016-07-01 13:03:32 - PHP Notice:  Undefined variable: ckey in C:\xampp\htdocs\seed-plant\upload\catalog\view\theme\pav_flower\template\module\category.tpl on line 6
2016-07-01 13:03:32 - PHP Notice:  Undefined variable: key in C:\xampp\htdocs\seed-plant\upload\catalog\view\theme\pav_flower\template\module\category.tpl on line 6
2016-07-01 13:03:32 - PHP Notice:  Undefined variable: ckey in C:\xampp\htdocs\seed-plant\upload\catalog\view\theme\pav_flower\template\module\category.tpl on line 6
2016-07-01 13:03:32 - PHP Notice:  Undefined variable: key in C:\xampp\htdocs\seed-plant\upload\catalog\view\theme\pav_flower\template\module\category.tpl on line 6
2016-07-01 13:03:32 - PHP Notice:  Undefined variable: ckey in C:\xampp\htdocs\seed-plant\upload\catalog\view\theme\pav_flower\template\module\category.tpl on line 9
2016-07-01 13:03:32 - PHP Notice:  Undefined variable: key in C:\xampp\htdocs\seed-plant\upload\catalog\view\theme\pav_flower\template\module\category.tpl on line 9
2016-07-01 13:03:32 - PHP Notice:  Undefined variable: category_id in C:\xampp\htdocs\seed-plant\upload\catalog\view\theme\pav_flower\template\module\category.tpl on line 9
2016-07-01 13:03:32 - PHP Notice:  Undefined variable: child_id in C:\xampp\htdocs\seed-plant\upload\catalog\view\theme\pav_flower\template\module\category.tpl on line 12
2016-07-01 13:03:32 - PHP Notice:  Undefined variable: child_id in C:\xampp\htdocs\seed-plant\upload\catalog\view\theme\pav_flower\template\module\category.tpl on line 12
2016-07-01 13:03:32 - PHP Notice:  Undefined variable: child_id in C:\xampp\htdocs\seed-plant\upload\catalog\view\theme\pav_flower\template\module\category.tpl on line 12
2016-07-01 13:03:32 - PHP Notice:  Undefined variable: child_id in C:\xampp\htdocs\seed-plant\upload\catalog\view\theme\pav_flower\template\module\category.tpl on line 12
2016-07-01 13:03:32 - PHP Notice:  Undefined variable: child_id in C:\xampp\htdocs\seed-plant\upload\catalog\view\theme\pav_flower\template\module\category.tpl on line 12
2016-07-01 13:03:32 - PHP Notice:  Undefined variable: child_id in C:\xampp\htdocs\seed-plant\upload\catalog\view\theme\pav_flower\template\module\category.tpl on line 12
2016-07-01 13:03:32 - PHP Notice:  Undefined variable: child_id in C:\xampp\htdocs\seed-plant\upload\catalog\view\theme\pav_flower\template\module\category.tpl on line 12
2016-07-01 13:03:32 - PHP Notice:  Undefined variable: child_id in C:\xampp\htdocs\seed-plant\upload\catalog\view\theme\pav_flower\template\module\category.tpl on line 12
2016-07-01 13:03:32 - PHP Notice:  Undefined variable: child_id in C:\xampp\htdocs\seed-plant\upload\catalog\view\theme\pav_flower\template\module\category.tpl on line 12
2016-07-01 13:03:32 - PHP Notice:  Undefined variable: child_id in C:\xampp\htdocs\seed-plant\upload\catalog\view\theme\pav_flower\template\module\category.tpl on line 12
2016-07-01 13:03:32 - PHP Notice:  Undefined variable: child_id in C:\xampp\htdocs\seed-plant\upload\catalog\view\theme\pav_flower\template\module\category.tpl on line 12
2016-07-01 13:03:32 - PHP Notice:  Undefined variable: child_id in C:\xampp\htdocs\seed-plant\upload\catalog\view\theme\pav_flower\template\module\category.tpl on line 12
2016-07-01 13:03:32 - PHP Notice:  Undefined variable: child_id in C:\xampp\htdocs\seed-plant\upload\catalog\view\theme\pav_flower\template\module\category.tpl on line 12
2016-07-01 13:03:32 - PHP Notice:  Undefined variable: child_id in C:\xampp\htdocs\seed-plant\upload\catalog\view\theme\pav_flower\template\module\category.tpl on line 12
2016-07-01 13:04:19 - PHP Notice:  Undefined variable: ckey in C:\xampp\htdocs\seed-plant\upload\catalog\view\theme\pav_flower\template\module\category.tpl on line 5
2016-07-01 13:04:19 - PHP Notice:  Undefined variable: key in C:\xampp\htdocs\seed-plant\upload\catalog\view\theme\pav_flower\template\module\category.tpl on line 5
2016-07-01 13:04:19 - PHP Notice:  Undefined variable: ckey in C:\xampp\htdocs\seed-plant\upload\catalog\view\theme\pav_flower\template\module\category.tpl on line 5
2016-07-01 13:04:19 - PHP Notice:  Undefined variable: key in C:\xampp\htdocs\seed-plant\upload\catalog\view\theme\pav_flower\template\module\category.tpl on line 5
2016-07-01 13:04:19 - PHP Notice:  Undefined variable: ckey in C:\xampp\htdocs\seed-plant\upload\catalog\view\theme\pav_flower\template\module\category.tpl on line 8
2016-07-01 13:04:19 - PHP Notice:  Undefined variable: key in C:\xampp\htdocs\seed-plant\upload\catalog\view\theme\pav_flower\template\module\category.tpl on line 8
2016-07-01 13:04:19 - PHP Notice:  Undefined variable: category_id in C:\xampp\htdocs\seed-plant\upload\catalog\view\theme\pav_flower\template\module\category.tpl on line 8
2016-07-01 13:04:19 - PHP Notice:  Undefined variable: child_id in C:\xampp\htdocs\seed-plant\upload\catalog\view\theme\pav_flower\template\module\category.tpl on line 11
2016-07-01 13:04:19 - PHP Notice:  Undefined variable: child_id in C:\xampp\htdocs\seed-plant\upload\catalog\view\theme\pav_flower\template\module\category.tpl on line 11
2016-07-01 13:04:19 - PHP Notice:  Undefined variable: child_id in C:\xampp\htdocs\seed-plant\upload\catalog\view\theme\pav_flower\template\module\category.tpl on line 11
2016-07-01 13:04:19 - PHP Notice:  Undefined variable: child_id in C:\xampp\htdocs\seed-plant\upload\catalog\view\theme\pav_flower\template\module\category.tpl on line 11
2016-07-01 13:04:19 - PHP Notice:  Undefined variable: child_id in C:\xampp\htdocs\seed-plant\upload\catalog\view\theme\pav_flower\template\module\category.tpl on line 11
2016-07-01 13:04:19 - PHP Notice:  Undefined variable: child_id in C:\xampp\htdocs\seed-plant\upload\catalog\view\theme\pav_flower\template\module\category.tpl on line 11
2016-07-01 13:04:19 - PHP Notice:  Undefined variable: child_id in C:\xampp\htdocs\seed-plant\upload\catalog\view\theme\pav_flower\template\module\category.tpl on line 11
2016-07-01 13:04:19 - PHP Notice:  Undefined variable: child_id in C:\xampp\htdocs\seed-plant\upload\catalog\view\theme\pav_flower\template\module\category.tpl on line 11
2016-07-01 13:04:19 - PHP Notice:  Undefined variable: child_id in C:\xampp\htdocs\seed-plant\upload\catalog\view\theme\pav_flower\template\module\category.tpl on line 11
2016-07-01 13:04:19 - PHP Notice:  Undefined variable: child_id in C:\xampp\htdocs\seed-plant\upload\catalog\view\theme\pav_flower\template\module\category.tpl on line 11
2016-07-01 13:04:19 - PHP Notice:  Undefined variable: child_id in C:\xampp\htdocs\seed-plant\upload\catalog\view\theme\pav_flower\template\module\category.tpl on line 11
2016-07-01 13:04:19 - PHP Notice:  Undefined variable: child_id in C:\xampp\htdocs\seed-plant\upload\catalog\view\theme\pav_flower\template\module\category.tpl on line 11
2016-07-01 13:04:19 - PHP Notice:  Undefined variable: child_id in C:\xampp\htdocs\seed-plant\upload\catalog\view\theme\pav_flower\template\module\category.tpl on line 11
2016-07-01 13:04:19 - PHP Notice:  Undefined variable: child_id in C:\xampp\htdocs\seed-plant\upload\catalog\view\theme\pav_flower\template\module\category.tpl on line 11
2016-07-01 16:36:57 - PHP Notice:  Undefined index: href in C:\xampp\htdocs\seed-plant\upload\catalog\controller\module\category.php on line 90
2016-07-01 16:36:57 - PHP Notice:  Undefined index: href in C:\xampp\htdocs\seed-plant\upload\catalog\controller\module\category.php on line 90
2016-07-01 16:36:57 - PHP Notice:  Array to string conversion in C:\xampp\htdocs\seed-plant\upload\catalog\controller\module\category.php on line 90
2016-07-01 16:36:57 - PHP Notice:  Undefined index: href in C:\xampp\htdocs\seed-plant\upload\catalog\controller\module\category.php on line 90
2016-07-01 16:36:57 - PHP Notice:  Array to string conversion in C:\xampp\htdocs\seed-plant\upload\catalog\controller\module\category.php on line 90
2016-07-01 16:36:57 - PHP Notice:  Undefined index: href in C:\xampp\htdocs\seed-plant\upload\catalog\controller\module\category.php on line 90
2016-07-01 16:36:57 - PHP Notice:  Array to string conversion in C:\xampp\htdocs\seed-plant\upload\catalog\controller\module\category.php on line 90
2016-07-01 16:36:57 - PHP Notice:  Undefined index: href in C:\xampp\htdocs\seed-plant\upload\catalog\controller\module\category.php on line 90
2016-07-01 16:36:57 - PHP Notice:  Array to string conversion in C:\xampp\htdocs\seed-plant\upload\catalog\controller\module\category.php on line 90
2016-07-01 16:36:57 - PHP Notice:  Undefined index: href in C:\xampp\htdocs\seed-plant\upload\catalog\controller\module\category.php on line 90
2016-07-01 16:36:57 - PHP Notice:  Array to string conversion in C:\xampp\htdocs\seed-plant\upload\catalog\controller\module\category.php on line 90
2016-07-01 16:36:57 - PHP Notice:  Undefined index: href in C:\xampp\htdocs\seed-plant\upload\catalog\controller\module\category.php on line 90
2016-07-01 16:36:57 - PHP Notice:  Array to string conversion in C:\xampp\htdocs\seed-plant\upload\catalog\controller\module\category.php on line 90
2016-07-01 16:36:57 - PHP Notice:  Undefined index: href in C:\xampp\htdocs\seed-plant\upload\catalog\controller\module\category.php on line 90
2016-07-01 16:36:57 - PHP Notice:  Array to string conversion in C:\xampp\htdocs\seed-plant\upload\catalog\controller\module\category.php on line 90
2016-07-01 16:36:57 - PHP Notice:  Undefined index: href in C:\xampp\htdocs\seed-plant\upload\catalog\controller\module\category.php on line 90
2016-07-01 16:36:57 - PHP Notice:  Array to string conversion in C:\xampp\htdocs\seed-plant\upload\catalog\controller\module\category.php on line 90
2016-07-01 16:36:57 - PHP Notice:  Undefined index: href in C:\xampp\htdocs\seed-plant\upload\catalog\controller\module\category.php on line 88
2016-07-01 16:36:57 - PHP Notice:  Array to string conversion in C:\xampp\htdocs\seed-plant\upload\catalog\controller\module\category.php on line 88
2016-07-01 16:36:58 - PHP Notice:  Undefined index: href in C:\xampp\htdocs\seed-plant\upload\catalog\controller\module\category.php on line 90
2016-07-01 16:36:58 - PHP Notice:  Array to string conversion in C:\xampp\htdocs\seed-plant\upload\catalog\controller\module\category.php on line 90
2016-07-01 16:36:58 - PHP Notice:  Array to string conversion in C:\xampp\htdocs\seed-plant\upload\catalog\controller\module\category.php on line 94
2016-07-01 16:37:58 - PHP Notice:  Undefined index: href in C:\xampp\htdocs\seed-plant\upload\catalog\controller\module\category.php on line 90
2016-07-01 16:37:58 - PHP Notice:  Array to string conversion in C:\xampp\htdocs\seed-plant\upload\catalog\controller\module\category.php on line 92
2016-07-01 16:37:58 - PHP Notice:  Undefined index: href in C:\xampp\htdocs\seed-plant\upload\catalog\controller\module\category.php on line 90
2016-07-01 16:37:58 - PHP Notice:  Array to string conversion in C:\xampp\htdocs\seed-plant\upload\catalog\controller\module\category.php on line 92
2016-07-01 16:37:58 - PHP Notice:  Undefined index: href in C:\xampp\htdocs\seed-plant\upload\catalog\controller\module\category.php on line 90
2016-07-01 16:37:58 - PHP Notice:  Array to string conversion in C:\xampp\htdocs\seed-plant\upload\catalog\controller\module\category.php on line 92
2016-07-01 16:37:58 - PHP Notice:  Undefined index: href in C:\xampp\htdocs\seed-plant\upload\catalog\controller\module\category.php on line 90
2016-07-01 16:37:58 - PHP Notice:  Array to string conversion in C:\xampp\htdocs\seed-plant\upload\catalog\controller\module\category.php on line 92
2016-07-01 16:37:58 - PHP Notice:  Undefined index: href in C:\xampp\htdocs\seed-plant\upload\catalog\controller\module\category.php on line 90
2016-07-01 16:37:58 - PHP Notice:  Array to string conversion in C:\xampp\htdocs\seed-plant\upload\catalog\controller\module\category.php on line 92
2016-07-01 16:37:58 - PHP Notice:  Undefined index: href in C:\xampp\htdocs\seed-plant\upload\catalog\controller\module\category.php on line 90
2016-07-01 16:37:58 - PHP Notice:  Array to string conversion in C:\xampp\htdocs\seed-plant\upload\catalog\controller\module\category.php on line 92
2016-07-01 16:37:58 - PHP Notice:  Undefined index: href in C:\xampp\htdocs\seed-plant\upload\catalog\controller\module\category.php on line 90
2016-07-01 16:37:58 - PHP Notice:  Array to string conversion in C:\xampp\htdocs\seed-plant\upload\catalog\controller\module\category.php on line 92
2016-07-01 16:37:58 - PHP Notice:  Undefined index: href in C:\xampp\htdocs\seed-plant\upload\catalog\controller\module\category.php on line 90
2016-07-01 16:37:58 - PHP Notice:  Array to string conversion in C:\xampp\htdocs\seed-plant\upload\catalog\controller\module\category.php on line 92
2016-07-01 16:37:58 - PHP Notice:  Undefined index: href in C:\xampp\htdocs\seed-plant\upload\catalog\controller\module\category.php on line 90
2016-07-01 16:37:58 - PHP Notice:  Array to string conversion in C:\xampp\htdocs\seed-plant\upload\catalog\controller\module\category.php on line 92
2016-07-01 16:37:58 - PHP Notice:  Undefined index: href in C:\xampp\htdocs\seed-plant\upload\catalog\controller\module\category.php on line 88
2016-07-01 16:37:58 - PHP Notice:  Array to string conversion in C:\xampp\htdocs\seed-plant\upload\catalog\controller\module\category.php on line 92
2016-07-01 16:37:58 - PHP Notice:  Undefined index: href in C:\xampp\htdocs\seed-plant\upload\catalog\controller\module\category.php on line 90
2016-07-01 16:37:58 - PHP Notice:  Array to string conversion in C:\xampp\htdocs\seed-plant\upload\catalog\controller\module\category.php on line 92
2016-07-01 16:38:35 - PHP Notice:  Array to string conversion in C:\xampp\htdocs\seed-plant\upload\catalog\controller\module\category.php on line 92
2016-07-01 16:38:35 - PHP Notice:  Array to string conversion in C:\xampp\htdocs\seed-plant\upload\catalog\controller\module\category.php on line 92
2016-07-01 16:38:35 - PHP Notice:  Array to string conversion in C:\xampp\htdocs\seed-plant\upload\catalog\controller\module\category.php on line 92
2016-07-01 16:38:35 - PHP Notice:  Array to string conversion in C:\xampp\htdocs\seed-plant\upload\catalog\controller\module\category.php on line 92
2016-07-01 16:38:35 - PHP Notice:  Array to string conversion in C:\xampp\htdocs\seed-plant\upload\catalog\controller\module\category.php on line 92
2016-07-01 16:38:35 - PHP Notice:  Array to string conversion in C:\xampp\htdocs\seed-plant\upload\catalog\controller\module\category.php on line 92
2016-07-01 16:38:35 - PHP Notice:  Array to string conversion in C:\xampp\htdocs\seed-plant\upload\catalog\controller\module\category.php on line 92
2016-07-01 16:38:35 - PHP Notice:  Array to string conversion in C:\xampp\htdocs\seed-plant\upload\catalog\controller\module\category.php on line 92
2016-07-01 16:38:35 - PHP Notice:  Array to string conversion in C:\xampp\htdocs\seed-plant\upload\catalog\controller\module\category.php on line 92
2016-07-01 16:38:35 - PHP Notice:  Array to string conversion in C:\xampp\htdocs\seed-plant\upload\catalog\controller\module\category.php on line 92
2016-07-01 16:38:35 - PHP Notice:  Array to string conversion in C:\xampp\htdocs\seed-plant\upload\catalog\controller\module\category.php on line 92
2016-07-01 16:45:05 - PHP Notice:  Undefined variable: data in C:\xampp\htdocs\seed-plant\upload\catalog\controller\module\category.php on line 99
2016-07-01 16:45:05 - PHP Notice:  Undefined variable: data in C:\xampp\htdocs\seed-plant\upload\catalog\controller\module\category.php on line 99
2016-07-01 16:45:05 - PHP Notice:  Undefined variable: data in C:\xampp\htdocs\seed-plant\upload\catalog\controller\module\category.php on line 99
2016-07-01 16:45:05 - PHP Notice:  Undefined variable: data in C:\xampp\htdocs\seed-plant\upload\catalog\controller\module\category.php on line 99
2016-07-01 16:45:05 - PHP Notice:  Undefined variable: data in C:\xampp\htdocs\seed-plant\upload\catalog\controller\module\category.php on line 99
2016-07-01 16:45:05 - PHP Notice:  Undefined variable: data in C:\xampp\htdocs\seed-plant\upload\catalog\controller\module\category.php on line 99
2016-07-01 16:45:05 - PHP Notice:  Undefined variable: data in C:\xampp\htdocs\seed-plant\upload\catalog\controller\module\category.php on line 99
2016-07-01 16:45:05 - PHP Notice:  Undefined variable: data in C:\xampp\htdocs\seed-plant\upload\catalog\controller\module\category.php on line 99
2016-07-01 16:45:05 - PHP Notice:  Undefined variable: data in C:\xampp\htdocs\seed-plant\upload\catalog\controller\module\category.php on line 99
2016-07-01 16:45:05 - PHP Notice:  Undefined variable: data in C:\xampp\htdocs\seed-plant\upload\catalog\controller\module\category.php on line 99
2016-07-01 16:45:05 - PHP Notice:  Undefined variable: data in C:\xampp\htdocs\seed-plant\upload\catalog\controller\module\category.php on line 99
2016-07-01 16:45:05 - PHP Notice:  Undefined variable: data in C:\xampp\htdocs\seed-plant\upload\catalog\controller\module\category.php on line 99
2016-07-01 16:45:05 - PHP Notice:  Undefined variable: data in C:\xampp\htdocs\seed-plant\upload\catalog\controller\module\category.php on line 99
2016-07-01 16:45:05 - PHP Notice:  Undefined variable: data in C:\xampp\htdocs\seed-plant\upload\catalog\controller\module\category.php on line 99
2016-07-01 16:45:05 - PHP Notice:  Undefined variable: data in C:\xampp\htdocs\seed-plant\upload\catalog\controller\module\category.php on line 99
2016-07-01 16:45:05 - PHP Notice:  Undefined variable: data in C:\xampp\htdocs\seed-plant\upload\catalog\controller\module\category.php on line 99
2016-07-01 16:45:05 - PHP Notice:  Undefined variable: data in C:\xampp\htdocs\seed-plant\upload\catalog\controller\module\category.php on line 99
2016-07-01 16:45:05 - PHP Notice:  Undefined variable: data in C:\xampp\htdocs\seed-plant\upload\catalog\controller\module\category.php on line 99
2016-07-01 16:45:05 - PHP Notice:  Undefined variable: data in C:\xampp\htdocs\seed-plant\upload\catalog\controller\module\category.php on line 99
2016-07-01 16:45:05 - PHP Notice:  Undefined variable: data in C:\xampp\htdocs\seed-plant\upload\catalog\controller\module\category.php on line 99
2016-07-01 16:45:05 - PHP Notice:  Undefined variable: data in C:\xampp\htdocs\seed-plant\upload\catalog\controller\module\category.php on line 99
2016-07-01 16:45:05 - PHP Notice:  Undefined variable: data in C:\xampp\htdocs\seed-plant\upload\catalog\controller\module\category.php on line 99
2016-07-01 16:45:05 - PHP Notice:  Undefined variable: data in C:\xampp\htdocs\seed-plant\upload\catalog\controller\module\category.php on line 99
2016-07-01 16:45:05 - PHP Notice:  Undefined variable: data in C:\xampp\htdocs\seed-plant\upload\catalog\controller\module\category.php on line 99
2016-07-01 16:45:05 - PHP Notice:  Undefined variable: data in C:\xampp\htdocs\seed-plant\upload\catalog\controller\module\category.php on line 99
2016-07-01 16:45:05 - PHP Notice:  Undefined variable: data in C:\xampp\htdocs\seed-plant\upload\catalog\controller\module\category.php on line 99
2016-07-01 16:45:05 - PHP Notice:  Undefined variable: data in C:\xampp\htdocs\seed-plant\upload\catalog\controller\module\category.php on line 99
2016-07-01 16:45:05 - PHP Notice:  Undefined variable: data in C:\xampp\htdocs\seed-plant\upload\catalog\controller\module\category.php on line 99
2016-07-02 9:50:03 - PHP Notice:  Undefined variable: category in C:\xampp\htdocs\seed-plant\upload\catalog\controller\module\category.php on line 94
2016-07-02 9:50:03 - PHP Notice:  Undefined variable: category in C:\xampp\htdocs\seed-plant\upload\catalog\controller\module\category.php on line 94
2016-07-02 9:50:03 - PHP Notice:  Undefined variable: category in C:\xampp\htdocs\seed-plant\upload\catalog\controller\module\category.php on line 94
2016-07-02 9:50:04 - PHP Notice:  Undefined variable: category in C:\xampp\htdocs\seed-plant\upload\catalog\controller\module\category.php on line 94
2016-07-02 9:50:04 - PHP Notice:  Undefined variable: category in C:\xampp\htdocs\seed-plant\upload\catalog\controller\module\category.php on line 94
2016-07-02 9:50:04 - PHP Notice:  Undefined variable: category in C:\xampp\htdocs\seed-plant\upload\catalog\controller\module\category.php on line 94
2016-07-02 9:50:04 - PHP Notice:  Undefined variable: category in C:\xampp\htdocs\seed-plant\upload\catalog\controller\module\category.php on line 94
2016-07-02 9:50:04 - PHP Notice:  Undefined variable: category in C:\xampp\htdocs\seed-plant\upload\catalog\controller\module\category.php on line 94
2016-07-02 9:50:04 - PHP Notice:  Undefined variable: category in C:\xampp\htdocs\seed-plant\upload\catalog\controller\module\category.php on line 94
2016-07-02 9:50:04 - PHP Notice:  Undefined variable: category in C:\xampp\htdocs\seed-plant\upload\catalog\controller\module\category.php on line 94
2016-07-02 9:50:04 - PHP Notice:  Undefined variable: category in C:\xampp\htdocs\seed-plant\upload\catalog\controller\module\category.php on line 94
2016-07-02 9:50:04 - PHP Notice:  Undefined variable: category in C:\xampp\htdocs\seed-plant\upload\catalog\controller\module\category.php on line 94
2016-07-02 9:50:05 - PHP Notice:  Undefined variable: category in C:\xampp\htdocs\seed-plant\upload\catalog\controller\module\category.php on line 94
2016-07-02 9:50:05 - PHP Notice:  Undefined variable: category in C:\xampp\htdocs\seed-plant\upload\catalog\controller\module\category.php on line 94
2016-07-02 9:50:05 - PHP Notice:  Undefined variable: category in C:\xampp\htdocs\seed-plant\upload\catalog\controller\module\category.php on line 94
2016-07-02 9:50:05 - PHP Notice:  Undefined variable: category in C:\xampp\htdocs\seed-plant\upload\catalog\controller\module\category.php on line 94
2016-07-02 9:50:05 - PHP Notice:  Undefined variable: category in C:\xampp\htdocs\seed-plant\upload\catalog\controller\module\category.php on line 94
2016-07-02 9:50:05 - PHP Notice:  Undefined variable: category in C:\xampp\htdocs\seed-plant\upload\catalog\controller\module\category.php on line 94
2016-07-02 9:50:06 - PHP Notice:  Undefined variable: category in C:\xampp\htdocs\seed-plant\upload\catalog\controller\module\category.php on line 94
2016-07-02 9:50:06 - PHP Notice:  Undefined variable: category in C:\xampp\htdocs\seed-plant\upload\catalog\controller\module\category.php on line 94
2016-07-02 9:50:06 - PHP Notice:  Undefined variable: category in C:\xampp\htdocs\seed-plant\upload\catalog\controller\module\category.php on line 94
2016-07-02 9:50:06 - PHP Notice:  Undefined variable: category in C:\xampp\htdocs\seed-plant\upload\catalog\controller\module\category.php on line 94
2016-07-02 9:50:06 - PHP Notice:  Undefined variable: category in C:\xampp\htdocs\seed-plant\upload\catalog\controller\module\category.php on line 94
2016-07-02 9:50:06 - PHP Notice:  Undefined variable: category in C:\xampp\htdocs\seed-plant\upload\catalog\controller\module\category.php on line 94
2016-07-02 9:50:06 - PHP Notice:  Undefined variable: category in C:\xampp\htdocs\seed-plant\upload\catalog\controller\module\category.php on line 94
2016-07-02 9:50:06 - PHP Notice:  Undefined variable: category in C:\xampp\htdocs\seed-plant\upload\catalog\controller\module\category.php on line 94
2016-07-02 9:50:06 - PHP Notice:  Undefined variable: category in C:\xampp\htdocs\seed-plant\upload\catalog\controller\module\category.php on line 94
2016-07-02 9:50:07 - PHP Notice:  Undefined variable: category in C:\xampp\htdocs\seed-plant\upload\catalog\controller\module\category.php on line 94
2016-07-02 9:50:07 - PHP Notice:  Undefined variable: category in C:\xampp\htdocs\seed-plant\upload\catalog\controller\module\category.php on line 94
2016-07-02 9:50:07 - PHP Notice:  Undefined variable: category in C:\xampp\htdocs\seed-plant\upload\catalog\controller\module\category.php on line 94
2016-07-02 9:50:07 - PHP Notice:  Undefined variable: category in C:\xampp\htdocs\seed-plant\upload\catalog\controller\module\category.php on line 94
2016-07-02 9:50:07 - PHP Notice:  Undefined variable: category in C:\xampp\htdocs\seed-plant\upload\catalog\controller\module\category.php on line 94
2016-07-02 9:50:07 - PHP Notice:  Undefined variable: category in C:\xampp\htdocs\seed-plant\upload\catalog\controller\module\category.php on line 94
2016-07-02 9:50:07 - PHP Notice:  Undefined variable: category in C:\xampp\htdocs\seed-plant\upload\catalog\controller\module\category.php on line 94
2016-07-02 9:50:07 - PHP Notice:  Undefined variable: category in C:\xampp\htdocs\seed-plant\upload\catalog\controller\module\category.php on line 94
2016-07-02 9:50:07 - PHP Notice:  Undefined variable: category in C:\xampp\htdocs\seed-plant\upload\catalog\controller\module\category.php on line 94
2016-07-02 9:50:08 - PHP Notice:  Undefined variable: category in C:\xampp\htdocs\seed-plant\upload\catalog\controller\module\category.php on line 94
2016-07-02 9:50:08 - PHP Notice:  Undefined variable: category in C:\xampp\htdocs\seed-plant\upload\catalog\controller\module\category.php on line 94
2016-07-02 9:50:08 - PHP Notice:  Undefined variable: category in C:\xampp\htdocs\seed-plant\upload\catalog\controller\module\category.php on line 94
2016-07-02 9:50:08 - PHP Notice:  Undefined variable: category in C:\xampp\htdocs\seed-plant\upload\catalog\controller\module\category.php on line 94
2016-07-02 9:50:08 - PHP Notice:  Undefined variable: category in C:\xampp\htdocs\seed-plant\upload\catalog\controller\module\category.php on line 94
2016-07-02 9:50:08 - PHP Notice:  Undefined variable: category in C:\xampp\htdocs\seed-plant\upload\catalog\controller\module\category.php on line 94
2016-07-02 9:50:08 - PHP Notice:  Undefined variable: category in C:\xampp\htdocs\seed-plant\upload\catalog\controller\module\category.php on line 94
2016-07-02 9:50:08 - PHP Notice:  Undefined variable: category in C:\xampp\htdocs\seed-plant\upload\catalog\controller\module\category.php on line 94
2016-07-02 9:50:08 - PHP Notice:  Undefined variable: category in C:\xampp\htdocs\seed-plant\upload\catalog\controller\module\category.php on line 94
2016-07-02 9:50:09 - PHP Notice:  Undefined variable: category in C:\xampp\htdocs\seed-plant\upload\catalog\controller\module\category.php on line 94
2016-07-02 9:50:09 - PHP Notice:  Undefined variable: category in C:\xampp\htdocs\seed-plant\upload\catalog\controller\module\category.php on line 94
2016-07-02 9:50:09 - PHP Notice:  Undefined variable: category in C:\xampp\htdocs\seed-plant\upload\catalog\controller\module\category.php on line 94
2016-07-02 9:50:09 - PHP Notice:  Undefined variable: category in C:\xampp\htdocs\seed-plant\upload\catalog\controller\module\category.php on line 94
2016-07-02 9:50:09 - PHP Notice:  Undefined variable: category in C:\xampp\htdocs\seed-plant\upload\catalog\controller\module\category.php on line 94
2016-07-02 9:50:09 - PHP Notice:  Undefined variable: category in C:\xampp\htdocs\seed-plant\upload\catalog\controller\module\category.php on line 94
2016-07-02 9:50:10 - PHP Notice:  Undefined variable: category in C:\xampp\htdocs\seed-plant\upload\catalog\controller\module\category.php on line 94
2016-07-02 9:50:10 - PHP Notice:  Undefined variable: category in C:\xampp\htdocs\seed-plant\upload\catalog\controller\module\category.php on line 94
2016-07-02 9:50:10 - PHP Notice:  Undefined variable: category in C:\xampp\htdocs\seed-plant\upload\catalog\controller\module\category.php on line 94
2016-07-18 13:27:31 - PHP Notice:  Undefined index: stock_status_id in C:\xampp\htdocs\seed-plant\upload\admin\model\catalog\product.php on line 130
2016-07-18 13:27:31 - PHP Notice:  Undefined index: weight_class_id in C:\xampp\htdocs\seed-plant\upload\admin\model\catalog\product.php on line 130
2016-07-18 13:27:31 - PHP Notice:  Undefined index: length_class_id in C:\xampp\htdocs\seed-plant\upload\admin\model\catalog\product.php on line 130
2016-07-22 14:47:36 - PHP Notice:  Undefined index: stock_status_id in C:\xampp\htdocs\seed-plant\upload\admin\model\catalog\product.php on line 130
2016-07-22 14:47:36 - PHP Notice:  Undefined index: weight_class_id in C:\xampp\htdocs\seed-plant\upload\admin\model\catalog\product.php on line 130
2016-07-22 14:47:36 - PHP Notice:  Undefined index: length_class_id in C:\xampp\htdocs\seed-plant\upload\admin\model\catalog\product.php on line 130
2016-07-22 15:00:32 - PHP Notice:  Undefined index: stock_status_id in C:\xampp\htdocs\seed-plant\upload\admin\model\catalog\product.php on line 130
2016-07-22 15:00:32 - PHP Notice:  Undefined index: weight_class_id in C:\xampp\htdocs\seed-plant\upload\admin\model\catalog\product.php on line 130
2016-07-22 15:00:32 - PHP Notice:  Undefined index: length_class_id in C:\xampp\htdocs\seed-plant\upload\admin\model\catalog\product.php on line 130
2016-07-22 15:08:17 - PHP Notice:  Undefined index: stock_status_id in C:\xampp\htdocs\seed-plant\upload\admin\model\catalog\product.php on line 130
2016-07-22 15:08:17 - PHP Notice:  Undefined index: weight_class_id in C:\xampp\htdocs\seed-plant\upload\admin\model\catalog\product.php on line 130
2016-07-22 15:08:17 - PHP Notice:  Undefined index: length_class_id in C:\xampp\htdocs\seed-plant\upload\admin\model\catalog\product.php on line 130
2016-07-25 14:55:24 - PHP Notice:  Undefined index: stock_status_id in C:\xampp\htdocs\seed-plant\upload\admin\model\catalog\product.php on line 130
2016-07-25 14:55:24 - PHP Notice:  Undefined index: weight_class_id in C:\xampp\htdocs\seed-plant\upload\admin\model\catalog\product.php on line 130
2016-07-25 14:55:24 - PHP Notice:  Undefined index: length_class_id in C:\xampp\htdocs\seed-plant\upload\admin\model\catalog\product.php on line 130
